17:17:35.121 [restartedMain] INFO  com.fhqiwcw.dnspod.Application - Starting Application on zhaojundeMBP with PID 68252 (/Users/zhaojun/eclipse-workspace/dnspod-pulse-quartz/target/classes started by zhaojun in /Users/zhaojun/eclipse-workspace/dnspod-pulse-quartz)
17:17:35.124 [restartedMain] INFO  com.fhqiwcw.dnspod.Application - No active profile set, falling back to default profiles: default
17:17:35.178 [restartedMain] INFO  o.s.b.w.s.c.AnnotationConfigServletWebServerApplicationContext - Refreshing org.springframework.boot.web.servlet.context.AnnotationConfigServletWebServerApplicationContext@691f9963: startup date [Thu Jun 21 17:17:35 CST 2018]; root of context hierarchy
17:17:36.691 [restartedMain] INFO  o.s.b.w.e.tomcat.TomcatWebServer - Tomcat initialized with port(s): 8080 (http)
17:17:36.702 [restartedMain] INFO  o.a.coyote.http11.Http11NioProtocol - Initializing ProtocolHandler ["http-nio-8080"]
17:17:36.709 [restartedMain] INFO  o.a.catalina.core.StandardService - Starting service [Tomcat]
17:17:36.709 [restartedMain] INFO  o.a.catalina.core.StandardEngine - Starting Servlet Engine: Apache Tomcat/8.5.31
17:17:36.715 [localhost-startStop-1] INFO  o.a.c.core.AprLifecycleListener - The APR based Apache Tomcat Native library which allows optimal performance in production environments was not found on the java.library.path: [/Users/zhaojun/Library/Java/Extensions:/Library/Java/Extensions:/Network/Library/Java/Extensions:/System/Library/Java/Extensions:/usr/lib/java:.]
17:17:36.766 [localhost-startStop-1] INFO  o.a.c.c.C.[Tomcat].[localhost].[/] - Initializing Spring embedded WebApplicationContext
17:17:36.766 [localhost-startStop-1] INFO  o.s.web.context.ContextLoader - Root WebApplicationContext: initialization completed in 1592 ms
17:17:37.629 [localhost-startStop-1] INFO  o.s.b.w.s.ServletRegistrationBean - Servlet dispatcherServlet mapped to [/]
17:17:37.633 [localhost-startStop-1] INFO  o.s.b.w.s.FilterRegistrationBean - Mapping filter: 'characterEncodingFilter' to: [/*]
17:17:37.634 [localhost-startStop-1] INFO  o.s.b.w.s.FilterRegistrationBean - Mapping filter: 'hiddenHttpMethodFilter' to: [/*]
17:17:37.634 [localhost-startStop-1] INFO  o.s.b.w.s.FilterRegistrationBean - Mapping filter: 'httpPutFormContentFilter' to: [/*]
17:17:37.634 [localhost-startStop-1] INFO  o.s.b.w.s.FilterRegistrationBean - Mapping filter: 'requestContextFilter' to: [/*]
17:17:37.634 [localhost-startStop-1] INFO  o.s.b.w.s.FilterRegistrationBean - Mapping filter: 'httpTraceFilter' to: [/*]
17:17:37.635 [localhost-startStop-1] INFO  o.s.b.w.s.FilterRegistrationBean - Mapping filter: 'webMvcMetricsFilter' to: [/*]
17:17:37.735 [restartedMain] INFO  org.quartz.impl.StdSchedulerFactory - Using default implementation for ThreadExecutor
17:17:37.749 [restartedMain] INFO  o.quartz.core.SchedulerSignalerImpl - Initialized Scheduler Signaller of type: class org.quartz.core.SchedulerSignalerImpl
17:17:37.749 [restartedMain] INFO  org.quartz.core.QuartzScheduler - Quartz Scheduler v.2.3.0 created.
17:17:37.751 [restartedMain] INFO  org.quartz.simpl.RAMJobStore - RAMJobStore initialized.
17:17:37.752 [restartedMain] INFO  org.quartz.core.QuartzScheduler - Scheduler meta-data: Quartz Scheduler (v2.3.0) 'schedulerFactoryBean' with instanceId 'NON_CLUSTERED'
  Scheduler class: 'org.quartz.core.QuartzScheduler' - running locally.
  NOT STARTED.
  Currently in standby mode.
  Number of jobs executed: 0
  Using thread pool 'org.quartz.simpl.SimpleThreadPool' - with 10 threads.
  Using job-store 'org.quartz.simpl.RAMJobStore' - which does not support persistence. and is not clustered.

17:17:37.753 [restartedMain] INFO  org.quartz.impl.StdSchedulerFactory - Quartz scheduler 'schedulerFactoryBean' initialized from an externally provided properties instance.
17:17:37.753 [restartedMain] INFO  org.quartz.impl.StdSchedulerFactory - Quartz scheduler version: 2.3.0
17:17:37.755 [restartedMain] INFO  org.quartz.core.QuartzScheduler - JobFactory set to: org.springframework.scheduling.quartz.AdaptableJobFactory@50c46d53
17:17:37.904 [restartedMain] INFO  o.s.w.s.h.SimpleUrlHandlerMapping - Mapped URL path [/**/favicon.ico] onto handler of type [class org.springframework.web.servlet.resource.ResourceHttpRequestHandler]
17:17:38.100 [restartedMain] INFO  o.s.w.s.m.m.a.RequestMappingHandlerAdapter - Looking for @ControllerAdvice: org.springframework.boot.web.servlet.context.AnnotationConfigServletWebServerApplicationContext@691f9963: startup date [Thu Jun 21 17:17:35 CST 2018]; root of context hierarchy
17:17:38.146 [restartedMain] INFO  o.s.w.s.m.m.a.RequestMappingHandlerMapping - Mapped "{[/],methods=[GET]}" onto public java.lang.String com.fhqiwcw.dnspod.Application.hello()
17:17:38.152 [restartedMain] INFO  o.s.w.s.m.m.a.RequestMappingHandlerMapping - Mapped "{[/error]}" onto public org.springframework.http.ResponseEntity<java.util.Map<java.lang.String, java.lang.Object>> org.springframework.boot.autoconfigure.web.servlet.error.BasicErrorController.error(javax.servlet.http.HttpServletRequest)
17:17:38.153 [restartedMain] INFO  o.s.w.s.m.m.a.RequestMappingHandlerMapping - Mapped "{[/error],produces=[text/html]}" onto public org.springframework.web.servlet.ModelAndView org.springframework.boot.autoconfigure.web.servlet.error.BasicErrorController.errorHtml(javax.servlet.http.HttpServletRequest,javax.servlet.http.HttpServletResponse)
17:17:38.188 [restartedMain] INFO  o.s.w.s.h.SimpleUrlHandlerMapping - Mapped URL path [/webjars/**] onto handler of type [class org.springframework.web.servlet.resource.ResourceHttpRequestHandler]
17:17:38.188 [restartedMain] INFO  o.s.w.s.h.SimpleUrlHandlerMapping - Mapped URL path [/**] onto handler of type [class org.springframework.web.servlet.resource.ResourceHttpRequestHandler]
17:17:38.660 [restartedMain] INFO  o.s.b.d.a.OptionalLiveReloadServer - LiveReload server is running on port 35729
17:17:38.674 [restartedMain] INFO  o.s.b.a.e.web.EndpointLinksResolver - Exposing 2 endpoint(s) beneath base path '/actuator'
17:17:38.684 [restartedMain] INFO  o.s.b.a.e.w.s.WebMvcEndpointHandlerMapping - Mapped "{[/actuator/health],methods=[GET],produces=[application/vnd.spring-boot.actuator.v2+json || application/json]}" onto public java.lang.Object org.springframework.boot.actuate.endpoint.web.servlet.AbstractWebMvcEndpointHandlerMapping$OperationHandler.handle(javax.servlet.http.HttpServletRequest,java.util.Map<java.lang.String, java.lang.String>)
17:17:38.685 [restartedMain] INFO  o.s.b.a.e.w.s.WebMvcEndpointHandlerMapping - Mapped "{[/actuator/info],methods=[GET],produces=[application/vnd.spring-boot.actuator.v2+json || application/json]}" onto public java.lang.Object org.springframework.boot.actuate.endpoint.web.servlet.AbstractWebMvcEndpointHandlerMapping$OperationHandler.handle(javax.servlet.http.HttpServletRequest,java.util.Map<java.lang.String, java.lang.String>)
17:17:38.686 [restartedMain] INFO  o.s.b.a.e.w.s.WebMvcEndpointHandlerMapping - Mapped "{[/actuator],methods=[GET],produces=[application/vnd.spring-boot.actuator.v2+json || application/json]}" onto protected java.util.Map<java.lang.String, java.util.Map<java.lang.String, org.springframework.boot.actuate.endpoint.web.Link>> org.springframework.boot.actuate.endpoint.web.servlet.WebMvcEndpointHandlerMapping.links(javax.servlet.http.HttpServletRequest,javax.servlet.http.HttpServletResponse)
17:17:38.731 [restartedMain] INFO  o.s.j.e.a.AnnotationMBeanExporter - Registering beans for JMX exposure on startup
17:17:38.744 [restartedMain] INFO  o.s.c.s.DefaultLifecycleProcessor - Starting beans in phase 2147483647
17:17:38.744 [restartedMain] INFO  o.s.s.quartz.SchedulerFactoryBean - Starting Quartz Scheduler now
17:17:38.744 [restartedMain] INFO  org.quartz.core.QuartzScheduler - Scheduler schedulerFactoryBean_$_NON_CLUSTERED started.
17:17:38.757 [restartedMain] INFO  o.s.s.a.ScheduledAnnotationBeanPostProcessor - No TaskScheduler/ScheduledExecutorService bean found for scheduled processing
17:17:38.765 [restartedMain] INFO  o.a.coyote.http11.Http11NioProtocol - Starting ProtocolHandler ["http-nio-8080"]
17:17:38.801 [restartedMain] INFO  o.a.tomcat.util.net.NioSelectorPool - Using a shared selector for servlet write/read
17:17:38.818 [restartedMain] INFO  o.s.b.w.e.tomcat.TomcatWebServer - Tomcat started on port(s): 8080 (http) with context path ''
17:17:38.825 [restartedMain] INFO  com.fhqiwcw.dnspod.Application - Started Application in 3.95 seconds (JVM running for 4.647)
17:17:39.701 [pool-1-thread-1] INFO  com.fhqiwcw.dnspod.dns.DnsUpdater - update result:{"status":{"code":"1","message":"Action completed successful","created_at":"2018-06-21 17:17:39"},"record":{"id":365196349,"name":"home","value":"183.37.185.68","status":"enable","weight":null}}
17:17:39.702 [pool-1-thread-1] INFO  c.f.dnspod.schedule.spring.Schedule - running at:Thu Jun 21 17:17:39 CST 2018
17:17:39.702 [pool-1-thread-1] INFO  c.f.dnspod.schedule.spring.Schedule - running but not updated
17:17:59.252 [RMI TCP Connection(2)-127.0.0.1] INFO  o.s.b.a.SpringApplicationAdminMXBeanRegistrar$SpringApplicationAdmin - Application shutdown requested.
17:17:59.252 [RMI TCP Connection(2)-127.0.0.1] INFO  o.s.b.w.s.c.AnnotationConfigServletWebServerApplicationContext - Closing org.springframework.boot.web.servlet.context.AnnotationConfigServletWebServerApplicationContext@691f9963: startup date [Thu Jun 21 17:17:35 CST 2018]; root of context hierarchy
17:17:59.254 [RMI TCP Connection(2)-127.0.0.1] INFO  o.s.c.s.DefaultLifecycleProcessor - Stopping beans in phase 2147483647
17:17:59.254 [RMI TCP Connection(2)-127.0.0.1] INFO  org.quartz.core.QuartzScheduler - Scheduler schedulerFactoryBean_$_NON_CLUSTERED paused.
17:17:59.256 [RMI TCP Connection(2)-127.0.0.1] INFO  o.s.j.e.a.AnnotationMBeanExporter - Unregistering JMX-exposed beans on shutdown
17:17:59.256 [RMI TCP Connection(2)-127.0.0.1] INFO  org.quartz.core.QuartzScheduler - Scheduler schedulerFactoryBean_$_NON_CLUSTERED shutting down.
17:17:59.257 [RMI TCP Connection(2)-127.0.0.1] INFO  org.quartz.core.QuartzScheduler - Scheduler schedulerFactoryBean_$_NON_CLUSTERED paused.
17:17:59.257 [RMI TCP Connection(2)-127.0.0.1] INFO  org.quartz.core.QuartzScheduler - Scheduler schedulerFactoryBean_$_NON_CLUSTERED shutdown complete.
17:17:59.257 [RMI TCP Connection(2)-127.0.0.1] INFO  o.s.s.quartz.SchedulerFactoryBean - Shutting down Quartz Scheduler
17:19:58.765 [restartedMain] INFO  com.fhqiwcw.dnspod.Application - Starting Application on zhaojundeMBP with PID 68398 (/Users/zhaojun/eclipse-workspace/dnspod-pulse-quartz/target/classes started by zhaojun in /Users/zhaojun/eclipse-workspace/dnspod-pulse-quartz)
17:19:58.769 [restartedMain] INFO  com.fhqiwcw.dnspod.Application - No active profile set, falling back to default profiles: default
17:20:28.407 [restartedMain] INFO  com.fhqiwcw.dnspod.Application - Starting Application on zhaojundeMBP with PID 68429 (/Users/zhaojun/eclipse-workspace/dnspod-pulse-quartz/target/classes started by zhaojun in /Users/zhaojun/eclipse-workspace/dnspod-pulse-quartz)
17:20:28.410 [restartedMain] INFO  com.fhqiwcw.dnspod.Application - No active profile set, falling back to default profiles: default
17:20:28.460 [restartedMain] INFO  o.s.b.w.s.c.AnnotationConfigServletWebServerApplicationContext - Refreshing org.springframework.boot.web.servlet.context.AnnotationConfigServletWebServerApplicationContext@5ca3ce48: startup date [Thu Jun 21 17:20:28 CST 2018]; root of context hierarchy
17:20:29.767 [restartedMain] INFO  o.s.b.w.e.tomcat.TomcatWebServer - Tomcat initialized with port(s): 8080 (http)
17:20:29.778 [restartedMain] INFO  o.a.coyote.http11.Http11NioProtocol - Initializing ProtocolHandler ["http-nio-8080"]
17:20:29.785 [restartedMain] INFO  o.a.catalina.core.StandardService - Starting service [Tomcat]
17:20:29.786 [restartedMain] INFO  o.a.catalina.core.StandardEngine - Starting Servlet Engine: Apache Tomcat/8.5.31
17:20:29.792 [localhost-startStop-1] INFO  o.a.c.core.AprLifecycleListener - The APR based Apache Tomcat Native library which allows optimal performance in production environments was not found on the java.library.path: [/Users/zhaojun/Library/Java/Extensions:/Library/Java/Extensions:/Network/Library/Java/Extensions:/System/Library/Java/Extensions:/usr/lib/java:.]
17:20:29.842 [localhost-startStop-1] INFO  o.a.c.c.C.[Tomcat].[localhost].[/] - Initializing Spring embedded WebApplicationContext
17:20:29.842 [localhost-startStop-1] INFO  o.s.web.context.ContextLoader - Root WebApplicationContext: initialization completed in 1385 ms
17:20:30.388 [localhost-startStop-1] INFO  o.s.b.w.s.ServletRegistrationBean - Servlet dispatcherServlet mapped to [/]
17:20:30.396 [localhost-startStop-1] INFO  o.s.b.w.s.FilterRegistrationBean - Mapping filter: 'characterEncodingFilter' to: [/*]
17:20:30.397 [localhost-startStop-1] INFO  o.s.b.w.s.FilterRegistrationBean - Mapping filter: 'hiddenHttpMethodFilter' to: [/*]
17:20:30.397 [localhost-startStop-1] INFO  o.s.b.w.s.FilterRegistrationBean - Mapping filter: 'httpPutFormContentFilter' to: [/*]
17:20:30.398 [localhost-startStop-1] INFO  o.s.b.w.s.FilterRegistrationBean - Mapping filter: 'requestContextFilter' to: [/*]
17:20:30.398 [localhost-startStop-1] INFO  o.s.b.w.s.FilterRegistrationBean - Mapping filter: 'httpTraceFilter' to: [/*]
17:20:30.398 [localhost-startStop-1] INFO  o.s.b.w.s.FilterRegistrationBean - Mapping filter: 'webMvcMetricsFilter' to: [/*]
17:20:30.487 [restartedMain] INFO  org.quartz.impl.StdSchedulerFactory - Using default implementation for ThreadExecutor
17:20:30.496 [restartedMain] INFO  o.quartz.core.SchedulerSignalerImpl - Initialized Scheduler Signaller of type: class org.quartz.core.SchedulerSignalerImpl
17:20:30.497 [restartedMain] INFO  org.quartz.core.QuartzScheduler - Quartz Scheduler v.2.3.0 created.
17:20:30.498 [restartedMain] INFO  org.quartz.simpl.RAMJobStore - RAMJobStore initialized.
17:20:30.499 [restartedMain] INFO  org.quartz.core.QuartzScheduler - Scheduler meta-data: Quartz Scheduler (v2.3.0) 'schedulerFactoryBean' with instanceId 'NON_CLUSTERED'
  Scheduler class: 'org.quartz.core.QuartzScheduler' - running locally.
  NOT STARTED.
  Currently in standby mode.
  Number of jobs executed: 0
  Using thread pool 'org.quartz.simpl.SimpleThreadPool' - with 10 threads.
  Using job-store 'org.quartz.simpl.RAMJobStore' - which does not support persistence. and is not clustered.

17:20:30.499 [restartedMain] INFO  org.quartz.impl.StdSchedulerFactory - Quartz scheduler 'schedulerFactoryBean' initialized from an externally provided properties instance.
17:20:30.499 [restartedMain] INFO  org.quartz.impl.StdSchedulerFactory - Quartz scheduler version: 2.3.0
17:20:30.501 [restartedMain] INFO  org.quartz.core.QuartzScheduler - JobFactory set to: org.springframework.scheduling.quartz.AdaptableJobFactory@5d8657a8
17:20:30.606 [restartedMain] INFO  o.s.w.s.h.SimpleUrlHandlerMapping - Mapped URL path [/**/favicon.ico] onto handler of type [class org.springframework.web.servlet.resource.ResourceHttpRequestHandler]
17:20:30.776 [restartedMain] INFO  o.s.w.s.m.m.a.RequestMappingHandlerAdapter - Looking for @ControllerAdvice: org.springframework.boot.web.servlet.context.AnnotationConfigServletWebServerApplicationContext@5ca3ce48: startup date [Thu Jun 21 17:20:28 CST 2018]; root of context hierarchy
17:20:30.828 [restartedMain] INFO  o.s.w.s.m.m.a.RequestMappingHandlerMapping - Mapped "{[/],methods=[GET]}" onto public java.lang.String com.fhqiwcw.dnspod.Application.hello()
17:20:30.832 [restartedMain] INFO  o.s.w.s.m.m.a.RequestMappingHandlerMapping - Mapped "{[/error]}" onto public org.springframework.http.ResponseEntity<java.util.Map<java.lang.String, java.lang.Object>> org.springframework.boot.autoconfigure.web.servlet.error.BasicErrorController.error(javax.servlet.http.HttpServletRequest)
17:20:30.833 [restartedMain] INFO  o.s.w.s.m.m.a.RequestMappingHandlerMapping - Mapped "{[/error],produces=[text/html]}" onto public org.springframework.web.servlet.ModelAndView org.springframework.boot.autoconfigure.web.servlet.error.BasicErrorController.errorHtml(javax.servlet.http.HttpServletRequest,javax.servlet.http.HttpServletResponse)
17:20:30.860 [restartedMain] INFO  o.s.w.s.h.SimpleUrlHandlerMapping - Mapped URL path [/webjars/**] onto handler of type [class org.springframework.web.servlet.resource.ResourceHttpRequestHandler]
17:20:30.860 [restartedMain] INFO  o.s.w.s.h.SimpleUrlHandlerMapping - Mapped URL path [/**] onto handler of type [class org.springframework.web.servlet.resource.ResourceHttpRequestHandler]
17:20:31.256 [restartedMain] INFO  o.s.b.d.a.OptionalLiveReloadServer - LiveReload server is running on port 35729
17:20:31.267 [restartedMain] INFO  o.s.b.a.e.web.EndpointLinksResolver - Exposing 2 endpoint(s) beneath base path '/actuator'
17:20:31.275 [restartedMain] INFO  o.s.b.a.e.w.s.WebMvcEndpointHandlerMapping - Mapped "{[/actuator/health],methods=[GET],produces=[application/vnd.spring-boot.actuator.v2+json || application/json]}" onto public java.lang.Object org.springframework.boot.actuate.endpoint.web.servlet.AbstractWebMvcEndpointHandlerMapping$OperationHandler.handle(javax.servlet.http.HttpServletRequest,java.util.Map<java.lang.String, java.lang.String>)
17:20:31.276 [restartedMain] INFO  o.s.b.a.e.w.s.WebMvcEndpointHandlerMapping - Mapped "{[/actuator/info],methods=[GET],produces=[application/vnd.spring-boot.actuator.v2+json || application/json]}" onto public java.lang.Object org.springframework.boot.actuate.endpoint.web.servlet.AbstractWebMvcEndpointHandlerMapping$OperationHandler.handle(javax.servlet.http.HttpServletRequest,java.util.Map<java.lang.String, java.lang.String>)
17:20:31.277 [restartedMain] INFO  o.s.b.a.e.w.s.WebMvcEndpointHandlerMapping - Mapped "{[/actuator],methods=[GET],produces=[application/vnd.spring-boot.actuator.v2+json || application/json]}" onto protected java.util.Map<java.lang.String, java.util.Map<java.lang.String, org.springframework.boot.actuate.endpoint.web.Link>> org.springframework.boot.actuate.endpoint.web.servlet.WebMvcEndpointHandlerMapping.links(javax.servlet.http.HttpServletRequest,javax.servlet.http.HttpServletResponse)
17:20:31.321 [restartedMain] INFO  o.s.j.e.a.AnnotationMBeanExporter - Registering beans for JMX exposure on startup
17:20:31.332 [restartedMain] INFO  o.s.c.s.DefaultLifecycleProcessor - Starting beans in phase 2147483647
17:20:31.332 [restartedMain] INFO  o.s.s.quartz.SchedulerFactoryBean - Starting Quartz Scheduler now
17:20:31.332 [restartedMain] INFO  org.quartz.core.QuartzScheduler - Scheduler schedulerFactoryBean_$_NON_CLUSTERED started.
17:20:31.344 [restartedMain] INFO  o.a.coyote.http11.Http11NioProtocol - Starting ProtocolHandler ["http-nio-8080"]
17:20:31.359 [restartedMain] INFO  o.a.tomcat.util.net.NioSelectorPool - Using a shared selector for servlet write/read
17:20:31.373 [restartedMain] INFO  o.s.b.w.e.tomcat.TomcatWebServer - Tomcat started on port(s): 8080 (http) with context path ''
17:20:31.379 [restartedMain] INFO  com.fhqiwcw.dnspod.Application - Started Application in 3.198 seconds (JVM running for 3.799)
17:21:40.098 [Thread-8] INFO  o.s.b.w.s.c.AnnotationConfigServletWebServerApplicationContext - Closing org.springframework.boot.web.servlet.context.AnnotationConfigServletWebServerApplicationContext@5ca3ce48: startup date [Thu Jun 21 17:20:28 CST 2018]; root of context hierarchy
17:21:40.100 [Thread-8] INFO  o.s.c.s.DefaultLifecycleProcessor - Stopping beans in phase 2147483647
17:21:40.100 [Thread-8] INFO  org.quartz.core.QuartzScheduler - Scheduler schedulerFactoryBean_$_NON_CLUSTERED paused.
17:21:40.101 [Thread-8] INFO  o.s.j.e.a.AnnotationMBeanExporter - Unregistering JMX-exposed beans on shutdown
17:21:40.102 [Thread-8] INFO  org.quartz.core.QuartzScheduler - Scheduler schedulerFactoryBean_$_NON_CLUSTERED shutting down.
17:21:40.102 [Thread-8] INFO  org.quartz.core.QuartzScheduler - Scheduler schedulerFactoryBean_$_NON_CLUSTERED paused.
17:21:40.103 [Thread-8] INFO  org.quartz.core.QuartzScheduler - Scheduler schedulerFactoryBean_$_NON_CLUSTERED shutdown complete.
17:21:40.103 [Thread-8] INFO  o.s.s.quartz.SchedulerFactoryBean - Shutting down Quartz Scheduler
17:21:40.386 [restartedMain] INFO  com.fhqiwcw.dnspod.Application - Starting Application on zhaojundeMBP with PID 68429 (/Users/zhaojun/eclipse-workspace/dnspod-pulse-quartz/target/classes started by zhaojun in /Users/zhaojun/eclipse-workspace/dnspod-pulse-quartz)
17:21:40.386 [restartedMain] INFO  com.fhqiwcw.dnspod.Application - No active profile set, falling back to default profiles: default
17:21:40.389 [restartedMain] INFO  o.s.b.w.s.c.AnnotationConfigServletWebServerApplicationContext - Refreshing org.springframework.boot.web.servlet.context.AnnotationConfigServletWebServerApplicationContext@817993a: startup date [Thu Jun 21 17:21:40 CST 2018]; root of context hierarchy
17:21:40.840 [restartedMain] INFO  o.s.b.w.e.tomcat.TomcatWebServer - Tomcat initialized with port(s): 8080 (http)
17:21:40.841 [restartedMain] INFO  o.a.coyote.http11.Http11NioProtocol - Initializing ProtocolHandler ["http-nio-8080"]
17:21:40.842 [restartedMain] INFO  o.a.catalina.core.StandardService - Starting service [Tomcat]
17:21:40.842 [restartedMain] INFO  o.a.catalina.core.StandardEngine - Starting Servlet Engine: Apache Tomcat/8.5.31
17:21:40.851 [localhost-startStop-1] INFO  o.a.c.c.C.[Tomcat].[localhost].[/] - Initializing Spring embedded WebApplicationContext
17:21:40.852 [localhost-startStop-1] INFO  o.s.web.context.ContextLoader - Root WebApplicationContext: initialization completed in 463 ms
17:21:40.990 [localhost-startStop-1] INFO  o.s.b.w.s.ServletRegistrationBean - Servlet dispatcherServlet mapped to [/]
17:21:40.990 [localhost-startStop-1] INFO  o.s.b.w.s.FilterRegistrationBean - Mapping filter: 'characterEncodingFilter' to: [/*]
17:21:40.991 [localhost-startStop-1] INFO  o.s.b.w.s.FilterRegistrationBean - Mapping filter: 'hiddenHttpMethodFilter' to: [/*]
17:21:40.991 [localhost-startStop-1] INFO  o.s.b.w.s.FilterRegistrationBean - Mapping filter: 'httpPutFormContentFilter' to: [/*]
17:21:40.991 [localhost-startStop-1] INFO  o.s.b.w.s.FilterRegistrationBean - Mapping filter: 'requestContextFilter' to: [/*]
17:21:40.991 [localhost-startStop-1] INFO  o.s.b.w.s.FilterRegistrationBean - Mapping filter: 'httpTraceFilter' to: [/*]
17:21:40.991 [localhost-startStop-1] INFO  o.s.b.w.s.FilterRegistrationBean - Mapping filter: 'webMvcMetricsFilter' to: [/*]
17:21:41.008 [restartedMain] INFO  org.quartz.impl.StdSchedulerFactory - Using default implementation for ThreadExecutor
17:21:41.009 [restartedMain] INFO  o.quartz.core.SchedulerSignalerImpl - Initialized Scheduler Signaller of type: class org.quartz.core.SchedulerSignalerImpl
17:21:41.010 [restartedMain] INFO  org.quartz.core.QuartzScheduler - Quartz Scheduler v.2.3.0 created.
17:21:41.010 [restartedMain] INFO  org.quartz.simpl.RAMJobStore - RAMJobStore initialized.
17:21:41.010 [restartedMain] INFO  org.quartz.core.QuartzScheduler - Scheduler meta-data: Quartz Scheduler (v2.3.0) 'schedulerFactoryBean' with instanceId 'NON_CLUSTERED'
  Scheduler class: 'org.quartz.core.QuartzScheduler' - running locally.
  NOT STARTED.
  Currently in standby mode.
  Number of jobs executed: 0
  Using thread pool 'org.quartz.simpl.SimpleThreadPool' - with 10 threads.
  Using job-store 'org.quartz.simpl.RAMJobStore' - which does not support persistence. and is not clustered.

17:21:41.010 [restartedMain] INFO  org.quartz.impl.StdSchedulerFactory - Quartz scheduler 'schedulerFactoryBean' initialized from an externally provided properties instance.
17:21:41.010 [restartedMain] INFO  org.quartz.impl.StdSchedulerFactory - Quartz scheduler version: 2.3.0
17:21:41.010 [restartedMain] INFO  org.quartz.core.QuartzScheduler - JobFactory set to: org.springframework.scheduling.quartz.AdaptableJobFactory@7df15b0a
17:21:41.026 [restartedMain] INFO  o.s.w.s.h.SimpleUrlHandlerMapping - Mapped URL path [/**/favicon.ico] onto handler of type [class org.springframework.web.servlet.resource.ResourceHttpRequestHandler]
17:21:41.073 [restartedMain] INFO  o.s.w.s.m.m.a.RequestMappingHandlerAdapter - Looking for @ControllerAdvice: org.springframework.boot.web.servlet.context.AnnotationConfigServletWebServerApplicationContext@817993a: startup date [Thu Jun 21 17:21:40 CST 2018]; root of context hierarchy
17:21:41.082 [restartedMain] INFO  o.s.w.s.m.m.a.RequestMappingHandlerMapping - Mapped "{[/],methods=[GET]}" onto public java.lang.String com.fhqiwcw.dnspod.Application.hello()
17:21:41.084 [restartedMain] INFO  o.s.w.s.m.m.a.RequestMappingHandlerMapping - Mapped "{[/error]}" onto public org.springframework.http.ResponseEntity<java.util.Map<java.lang.String, java.lang.Object>> org.springframework.boot.autoconfigure.web.servlet.error.BasicErrorController.error(javax.servlet.http.HttpServletRequest)
17:21:41.085 [restartedMain] INFO  o.s.w.s.m.m.a.RequestMappingHandlerMapping - Mapped "{[/error],produces=[text/html]}" onto public org.springframework.web.servlet.ModelAndView org.springframework.boot.autoconfigure.web.servlet.error.BasicErrorController.errorHtml(javax.servlet.http.HttpServletRequest,javax.servlet.http.HttpServletResponse)
17:21:41.095 [restartedMain] INFO  o.s.w.s.h.SimpleUrlHandlerMapping - Mapped URL path [/webjars/**] onto handler of type [class org.springframework.web.servlet.resource.ResourceHttpRequestHandler]
17:21:41.095 [restartedMain] INFO  o.s.w.s.h.SimpleUrlHandlerMapping - Mapped URL path [/**] onto handler of type [class org.springframework.web.servlet.resource.ResourceHttpRequestHandler]
17:21:41.213 [restartedMain] INFO  o.s.b.d.a.OptionalLiveReloadServer - LiveReload server is running on port 35729
17:21:41.220 [restartedMain] INFO  o.s.b.a.e.web.EndpointLinksResolver - Exposing 2 endpoint(s) beneath base path '/actuator'
17:21:41.222 [restartedMain] INFO  o.s.b.a.e.w.s.WebMvcEndpointHandlerMapping - Mapped "{[/actuator/health],methods=[GET],produces=[application/vnd.spring-boot.actuator.v2+json || application/json]}" onto public java.lang.Object org.springframework.boot.actuate.endpoint.web.servlet.AbstractWebMvcEndpointHandlerMapping$OperationHandler.handle(javax.servlet.http.HttpServletRequest,java.util.Map<java.lang.String, java.lang.String>)
17:21:41.224 [restartedMain] INFO  o.s.b.a.e.w.s.WebMvcEndpointHandlerMapping - Mapped "{[/actuator/info],methods=[GET],produces=[application/vnd.spring-boot.actuator.v2+json || application/json]}" onto public java.lang.Object org.springframework.boot.actuate.endpoint.web.servlet.AbstractWebMvcEndpointHandlerMapping$OperationHandler.handle(javax.servlet.http.HttpServletRequest,java.util.Map<java.lang.String, java.lang.String>)
17:21:41.225 [restartedMain] INFO  o.s.b.a.e.w.s.WebMvcEndpointHandlerMapping - Mapped "{[/actuator],methods=[GET],produces=[application/vnd.spring-boot.actuator.v2+json || application/json]}" onto protected java.util.Map<java.lang.String, java.util.Map<java.lang.String, org.springframework.boot.actuate.endpoint.web.Link>> org.springframework.boot.actuate.endpoint.web.servlet.WebMvcEndpointHandlerMapping.links(javax.servlet.http.HttpServletRequest,javax.servlet.http.HttpServletResponse)
17:21:41.261 [restartedMain] INFO  o.s.j.e.a.AnnotationMBeanExporter - Registering beans for JMX exposure on startup
17:21:41.271 [restartedMain] INFO  o.s.c.s.DefaultLifecycleProcessor - Starting beans in phase 2147483647
17:21:41.272 [restartedMain] INFO  o.s.s.quartz.SchedulerFactoryBean - Starting Quartz Scheduler now
17:21:41.273 [restartedMain] INFO  org.quartz.core.QuartzScheduler - Scheduler schedulerFactoryBean_$_NON_CLUSTERED started.
17:21:41.283 [restartedMain] INFO  o.a.coyote.http11.Http11NioProtocol - Starting ProtocolHandler ["http-nio-8080"]
17:21:41.284 [restartedMain] INFO  o.a.tomcat.util.net.NioSelectorPool - Using a shared selector for servlet write/read
17:21:41.290 [restartedMain] INFO  o.s.b.w.e.tomcat.TomcatWebServer - Tomcat started on port(s): 8080 (http) with context path ''
17:21:41.291 [restartedMain] INFO  com.fhqiwcw.dnspod.Application - Started Application in 0.939 seconds (JVM running for 73.709)
17:21:41.299 [restartedMain] INFO  o.s.b.d.a.ConditionEvaluationDeltaLoggingListener - Condition evaluation unchanged
17:21:42.626 [Thread-12] INFO  o.s.b.w.s.c.AnnotationConfigServletWebServerApplicationContext - Closing org.springframework.boot.web.servlet.context.AnnotationConfigServletWebServerApplicationContext@817993a: startup date [Thu Jun 21 17:21:40 CST 2018]; root of context hierarchy
17:21:42.627 [Thread-12] INFO  o.s.c.s.DefaultLifecycleProcessor - Stopping beans in phase 2147483647
17:21:42.627 [Thread-12] INFO  org.quartz.core.QuartzScheduler - Scheduler schedulerFactoryBean_$_NON_CLUSTERED paused.
17:21:42.628 [Thread-12] INFO  o.s.j.e.a.AnnotationMBeanExporter - Unregistering JMX-exposed beans on shutdown
17:21:42.628 [Thread-12] INFO  org.quartz.core.QuartzScheduler - Scheduler schedulerFactoryBean_$_NON_CLUSTERED shutting down.
17:21:42.628 [Thread-12] INFO  org.quartz.core.QuartzScheduler - Scheduler schedulerFactoryBean_$_NON_CLUSTERED paused.
17:21:42.629 [Thread-12] INFO  org.quartz.core.QuartzScheduler - Scheduler schedulerFactoryBean_$_NON_CLUSTERED shutdown complete.
17:21:42.629 [Thread-12] INFO  o.s.s.quartz.SchedulerFactoryBean - Shutting down Quartz Scheduler
17:21:42.903 [restartedMain] INFO  com.fhqiwcw.dnspod.Application - Starting Application on zhaojundeMBP with PID 68429 (/Users/zhaojun/eclipse-workspace/dnspod-pulse-quartz/target/classes started by zhaojun in /Users/zhaojun/eclipse-workspace/dnspod-pulse-quartz)
17:21:42.903 [restartedMain] INFO  com.fhqiwcw.dnspod.Application - No active profile set, falling back to default profiles: default
17:21:42.905 [restartedMain] INFO  o.s.b.w.s.c.AnnotationConfigServletWebServerApplicationContext - Refreshing org.springframework.boot.web.servlet.context.AnnotationConfigServletWebServerApplicationContext@1b508ce2: startup date [Thu Jun 21 17:21:42 CST 2018]; root of context hierarchy
17:21:43.179 [restartedMain] INFO  o.s.b.w.e.tomcat.TomcatWebServer - Tomcat initialized with port(s): 8080 (http)
17:21:43.180 [restartedMain] INFO  o.a.coyote.http11.Http11NioProtocol - Initializing ProtocolHandler ["http-nio-8080"]
17:21:43.180 [restartedMain] INFO  o.a.catalina.core.StandardService - Starting service [Tomcat]
17:21:43.180 [restartedMain] INFO  o.a.catalina.core.StandardEngine - Starting Servlet Engine: Apache Tomcat/8.5.31
17:21:43.185 [localhost-startStop-1] INFO  o.a.c.c.C.[Tomcat].[localhost].[/] - Initializing Spring embedded WebApplicationContext
17:21:43.185 [localhost-startStop-1] INFO  o.s.web.context.ContextLoader - Root WebApplicationContext: initialization completed in 280 ms
17:21:43.282 [localhost-startStop-1] INFO  o.s.b.w.s.ServletRegistrationBean - Servlet dispatcherServlet mapped to [/]
17:21:43.283 [localhost-startStop-1] INFO  o.s.b.w.s.FilterRegistrationBean - Mapping filter: 'characterEncodingFilter' to: [/*]
17:21:43.283 [localhost-startStop-1] INFO  o.s.b.w.s.FilterRegistrationBean - Mapping filter: 'hiddenHttpMethodFilter' to: [/*]
17:21:43.283 [localhost-startStop-1] INFO  o.s.b.w.s.FilterRegistrationBean - Mapping filter: 'httpPutFormContentFilter' to: [/*]
17:21:43.283 [localhost-startStop-1] INFO  o.s.b.w.s.FilterRegistrationBean - Mapping filter: 'requestContextFilter' to: [/*]
17:21:43.283 [localhost-startStop-1] INFO  o.s.b.w.s.FilterRegistrationBean - Mapping filter: 'httpTraceFilter' to: [/*]
17:21:43.283 [localhost-startStop-1] INFO  o.s.b.w.s.FilterRegistrationBean - Mapping filter: 'webMvcMetricsFilter' to: [/*]
17:21:43.301 [restartedMain] INFO  org.quartz.impl.StdSchedulerFactory - Using default implementation for ThreadExecutor
17:21:43.302 [restartedMain] INFO  o.quartz.core.SchedulerSignalerImpl - Initialized Scheduler Signaller of type: class org.quartz.core.SchedulerSignalerImpl
17:21:43.303 [restartedMain] INFO  org.quartz.core.QuartzScheduler - Quartz Scheduler v.2.3.0 created.
17:21:43.303 [restartedMain] INFO  org.quartz.simpl.RAMJobStore - RAMJobStore initialized.
17:21:43.303 [restartedMain] INFO  org.quartz.core.QuartzScheduler - Scheduler meta-data: Quartz Scheduler (v2.3.0) 'schedulerFactoryBean' with instanceId 'NON_CLUSTERED'
  Scheduler class: 'org.quartz.core.QuartzScheduler' - running locally.
  NOT STARTED.
  Currently in standby mode.
  Number of jobs executed: 0
  Using thread pool 'org.quartz.simpl.SimpleThreadPool' - with 10 threads.
  Using job-store 'org.quartz.simpl.RAMJobStore' - which does not support persistence. and is not clustered.

17:21:43.303 [restartedMain] INFO  org.quartz.impl.StdSchedulerFactory - Quartz scheduler 'schedulerFactoryBean' initialized from an externally provided properties instance.
17:21:43.304 [restartedMain] INFO  org.quartz.impl.StdSchedulerFactory - Quartz scheduler version: 2.3.0
17:21:43.304 [restartedMain] INFO  org.quartz.core.QuartzScheduler - JobFactory set to: org.springframework.scheduling.quartz.AdaptableJobFactory@67acce8
17:21:43.319 [restartedMain] INFO  o.s.w.s.h.SimpleUrlHandlerMapping - Mapped URL path [/**/favicon.ico] onto handler of type [class org.springframework.web.servlet.resource.ResourceHttpRequestHandler]
17:21:43.365 [restartedMain] INFO  o.s.w.s.m.m.a.RequestMappingHandlerAdapter - Looking for @ControllerAdvice: org.springframework.boot.web.servlet.context.AnnotationConfigServletWebServerApplicationContext@1b508ce2: startup date [Thu Jun 21 17:21:42 CST 2018]; root of context hierarchy
17:21:43.373 [restartedMain] INFO  o.s.w.s.m.m.a.RequestMappingHandlerMapping - Mapped "{[/],methods=[GET]}" onto public java.lang.String com.fhqiwcw.dnspod.Application.hello()
17:21:43.375 [restartedMain] INFO  o.s.w.s.m.m.a.RequestMappingHandlerMapping - Mapped "{[/error]}" onto public org.springframework.http.ResponseEntity<java.util.Map<java.lang.String, java.lang.Object>> org.springframework.boot.autoconfigure.web.servlet.error.BasicErrorController.error(javax.servlet.http.HttpServletRequest)
17:21:43.375 [restartedMain] INFO  o.s.w.s.m.m.a.RequestMappingHandlerMapping - Mapped "{[/error],produces=[text/html]}" onto public org.springframework.web.servlet.ModelAndView org.springframework.boot.autoconfigure.web.servlet.error.BasicErrorController.errorHtml(javax.servlet.http.HttpServletRequest,javax.servlet.http.HttpServletResponse)
17:21:43.384 [restartedMain] INFO  o.s.w.s.h.SimpleUrlHandlerMapping - Mapped URL path [/webjars/**] onto handler of type [class org.springframework.web.servlet.resource.ResourceHttpRequestHandler]
17:21:43.384 [restartedMain] INFO  o.s.w.s.h.SimpleUrlHandlerMapping - Mapped URL path [/**] onto handler of type [class org.springframework.web.servlet.resource.ResourceHttpRequestHandler]
17:21:43.477 [restartedMain] INFO  o.s.b.d.a.OptionalLiveReloadServer - LiveReload server is running on port 35729
17:21:43.481 [restartedMain] INFO  o.s.b.a.e.web.EndpointLinksResolver - Exposing 2 endpoint(s) beneath base path '/actuator'
17:21:43.484 [restartedMain] INFO  o.s.b.a.e.w.s.WebMvcEndpointHandlerMapping - Mapped "{[/actuator/health],methods=[GET],produces=[application/vnd.spring-boot.actuator.v2+json || application/json]}" onto public java.lang.Object org.springframework.boot.actuate.endpoint.web.servlet.AbstractWebMvcEndpointHandlerMapping$OperationHandler.handle(javax.servlet.http.HttpServletRequest,java.util.Map<java.lang.String, java.lang.String>)
17:21:43.485 [restartedMain] INFO  o.s.b.a.e.w.s.WebMvcEndpointHandlerMapping - Mapped "{[/actuator/info],methods=[GET],produces=[application/vnd.spring-boot.actuator.v2+json || application/json]}" onto public java.lang.Object org.springframework.boot.actuate.endpoint.web.servlet.AbstractWebMvcEndpointHandlerMapping$OperationHandler.handle(javax.servlet.http.HttpServletRequest,java.util.Map<java.lang.String, java.lang.String>)
17:21:43.485 [restartedMain] INFO  o.s.b.a.e.w.s.WebMvcEndpointHandlerMapping - Mapped "{[/actuator],methods=[GET],produces=[application/vnd.spring-boot.actuator.v2+json || application/json]}" onto protected java.util.Map<java.lang.String, java.util.Map<java.lang.String, org.springframework.boot.actuate.endpoint.web.Link>> org.springframework.boot.actuate.endpoint.web.servlet.WebMvcEndpointHandlerMapping.links(javax.servlet.http.HttpServletRequest,javax.servlet.http.HttpServletResponse)
17:21:43.509 [restartedMain] INFO  o.s.j.e.a.AnnotationMBeanExporter - Registering beans for JMX exposure on startup
17:21:43.515 [restartedMain] INFO  o.s.c.s.DefaultLifecycleProcessor - Starting beans in phase 2147483647
17:21:43.515 [restartedMain] INFO  o.s.s.quartz.SchedulerFactoryBean - Starting Quartz Scheduler now
17:21:43.515 [restartedMain] INFO  org.quartz.core.QuartzScheduler - Scheduler schedulerFactoryBean_$_NON_CLUSTERED started.
17:21:43.522 [restartedMain] INFO  o.a.coyote.http11.Http11NioProtocol - Starting ProtocolHandler ["http-nio-8080"]
17:21:43.522 [restartedMain] INFO  o.a.tomcat.util.net.NioSelectorPool - Using a shared selector for servlet write/read
17:21:43.524 [restartedMain] INFO  o.s.b.w.e.tomcat.TomcatWebServer - Tomcat started on port(s): 8080 (http) with context path ''
17:21:43.525 [restartedMain] INFO  com.fhqiwcw.dnspod.Application - Started Application in 0.639 seconds (JVM running for 75.943)
17:21:43.528 [restartedMain] INFO  o.s.b.d.a.ConditionEvaluationDeltaLoggingListener - Condition evaluation unchanged
17:22:09.085 [Thread-18] INFO  o.s.b.w.s.c.AnnotationConfigServletWebServerApplicationContext - Closing org.springframework.boot.web.servlet.context.AnnotationConfigServletWebServerApplicationContext@1b508ce2: startup date [Thu Jun 21 17:21:42 CST 2018]; root of context hierarchy
17:22:09.086 [Thread-18] INFO  o.s.c.s.DefaultLifecycleProcessor - Stopping beans in phase 2147483647
17:22:09.087 [Thread-18] INFO  org.quartz.core.QuartzScheduler - Scheduler schedulerFactoryBean_$_NON_CLUSTERED paused.
17:22:09.088 [Thread-18] INFO  o.s.j.e.a.AnnotationMBeanExporter - Unregistering JMX-exposed beans on shutdown
17:22:09.088 [Thread-18] INFO  org.quartz.core.QuartzScheduler - Scheduler schedulerFactoryBean_$_NON_CLUSTERED shutting down.
17:22:09.088 [Thread-18] INFO  org.quartz.core.QuartzScheduler - Scheduler schedulerFactoryBean_$_NON_CLUSTERED paused.
17:22:09.088 [Thread-18] INFO  org.quartz.core.QuartzScheduler - Scheduler schedulerFactoryBean_$_NON_CLUSTERED shutdown complete.
17:22:09.088 [Thread-18] INFO  o.s.s.quartz.SchedulerFactoryBean - Shutting down Quartz Scheduler
17:22:09.348 [restartedMain] INFO  com.fhqiwcw.dnspod.Application - Starting Application on zhaojundeMBP with PID 68429 (/Users/zhaojun/eclipse-workspace/dnspod-pulse-quartz/target/classes started by zhaojun in /Users/zhaojun/eclipse-workspace/dnspod-pulse-quartz)
17:22:09.348 [restartedMain] INFO  com.fhqiwcw.dnspod.Application - No active profile set, falling back to default profiles: default
17:22:09.351 [restartedMain] INFO  o.s.b.w.s.c.AnnotationConfigServletWebServerApplicationContext - Refreshing org.springframework.boot.web.servlet.context.AnnotationConfigServletWebServerApplicationContext@1f8534ed: startup date [Thu Jun 21 17:22:09 CST 2018]; root of context hierarchy
17:22:09.675 [restartedMain] INFO  o.s.b.w.e.tomcat.TomcatWebServer - Tomcat initialized with port(s): 8080 (http)
17:22:09.676 [restartedMain] INFO  o.a.coyote.http11.Http11NioProtocol - Initializing ProtocolHandler ["http-nio-8080"]
17:22:09.676 [restartedMain] INFO  o.a.catalina.core.StandardService - Starting service [Tomcat]
17:22:09.676 [restartedMain] INFO  o.a.catalina.core.StandardEngine - Starting Servlet Engine: Apache Tomcat/8.5.31
17:22:09.684 [localhost-startStop-1] INFO  o.a.c.c.C.[Tomcat].[localhost].[/] - Initializing Spring embedded WebApplicationContext
17:22:09.685 [localhost-startStop-1] INFO  o.s.web.context.ContextLoader - Root WebApplicationContext: initialization completed in 334 ms
17:22:09.815 [localhost-startStop-1] INFO  o.s.b.w.s.ServletRegistrationBean - Servlet dispatcherServlet mapped to [/]
17:22:09.815 [localhost-startStop-1] INFO  o.s.b.w.s.FilterRegistrationBean - Mapping filter: 'characterEncodingFilter' to: [/*]
17:22:09.816 [localhost-startStop-1] INFO  o.s.b.w.s.FilterRegistrationBean - Mapping filter: 'hiddenHttpMethodFilter' to: [/*]
17:22:09.816 [localhost-startStop-1] INFO  o.s.b.w.s.FilterRegistrationBean - Mapping filter: 'httpPutFormContentFilter' to: [/*]
17:22:09.816 [localhost-startStop-1] INFO  o.s.b.w.s.FilterRegistrationBean - Mapping filter: 'requestContextFilter' to: [/*]
17:22:09.816 [localhost-startStop-1] INFO  o.s.b.w.s.FilterRegistrationBean - Mapping filter: 'httpTraceFilter' to: [/*]
17:22:09.816 [localhost-startStop-1] INFO  o.s.b.w.s.FilterRegistrationBean - Mapping filter: 'webMvcMetricsFilter' to: [/*]
17:22:09.858 [restartedMain] INFO  o.s.w.s.h.SimpleUrlHandlerMapping - Mapped URL path [/**/favicon.ico] onto handler of type [class org.springframework.web.servlet.resource.ResourceHttpRequestHandler]
17:22:09.913 [restartedMain] INFO  o.s.w.s.m.m.a.RequestMappingHandlerAdapter - Looking for @ControllerAdvice: org.springframework.boot.web.servlet.context.AnnotationConfigServletWebServerApplicationContext@1f8534ed: startup date [Thu Jun 21 17:22:09 CST 2018]; root of context hierarchy
17:22:09.922 [restartedMain] INFO  o.s.w.s.m.m.a.RequestMappingHandlerMapping - Mapped "{[/],methods=[GET]}" onto public java.lang.String com.fhqiwcw.dnspod.Application.hello()
17:22:09.924 [restartedMain] INFO  o.s.w.s.m.m.a.RequestMappingHandlerMapping - Mapped "{[/error]}" onto public org.springframework.http.ResponseEntity<java.util.Map<java.lang.String, java.lang.Object>> org.springframework.boot.autoconfigure.web.servlet.error.BasicErrorController.error(javax.servlet.http.HttpServletRequest)
17:22:09.924 [restartedMain] INFO  o.s.w.s.m.m.a.RequestMappingHandlerMapping - Mapped "{[/error],produces=[text/html]}" onto public org.springframework.web.servlet.ModelAndView org.springframework.boot.autoconfigure.web.servlet.error.BasicErrorController.errorHtml(javax.servlet.http.HttpServletRequest,javax.servlet.http.HttpServletResponse)
17:22:09.936 [restartedMain] INFO  o.s.w.s.h.SimpleUrlHandlerMapping - Mapped URL path [/webjars/**] onto handler of type [class org.springframework.web.servlet.resource.ResourceHttpRequestHandler]
17:22:09.936 [restartedMain] INFO  o.s.w.s.h.SimpleUrlHandlerMapping - Mapped URL path [/**] onto handler of type [class org.springframework.web.servlet.resource.ResourceHttpRequestHandler]
17:22:10.031 [restartedMain] INFO  org.quartz.impl.StdSchedulerFactory - Using default implementation for ThreadExecutor
17:22:10.032 [restartedMain] INFO  o.quartz.core.SchedulerSignalerImpl - Initialized Scheduler Signaller of type: class org.quartz.core.SchedulerSignalerImpl
17:22:10.033 [restartedMain] INFO  org.quartz.core.QuartzScheduler - Quartz Scheduler v.2.3.0 created.
17:22:10.033 [restartedMain] INFO  org.quartz.simpl.RAMJobStore - RAMJobStore initialized.
17:22:10.033 [restartedMain] INFO  org.quartz.core.QuartzScheduler - Scheduler meta-data: Quartz Scheduler (v2.3.0) 'quartzScheduler' with instanceId 'NON_CLUSTERED'
  Scheduler class: 'org.quartz.core.QuartzScheduler' - running locally.
  NOT STARTED.
  Currently in standby mode.
  Number of jobs executed: 0
  Using thread pool 'org.quartz.simpl.SimpleThreadPool' - with 10 threads.
  Using job-store 'org.quartz.simpl.RAMJobStore' - which does not support persistence. and is not clustered.

17:22:10.033 [restartedMain] INFO  org.quartz.impl.StdSchedulerFactory - Quartz scheduler 'quartzScheduler' initialized from an externally provided properties instance.
17:22:10.033 [restartedMain] INFO  org.quartz.impl.StdSchedulerFactory - Quartz scheduler version: 2.3.0
17:22:10.033 [restartedMain] INFO  org.quartz.core.QuartzScheduler - JobFactory set to: org.springframework.boot.autoconfigure.quartz.AutowireCapableBeanJobFactory@7c15812d
17:22:10.041 [restartedMain] INFO  o.s.b.d.a.OptionalLiveReloadServer - LiveReload server is running on port 35729
17:22:10.045 [restartedMain] INFO  o.s.b.a.e.web.EndpointLinksResolver - Exposing 2 endpoint(s) beneath base path '/actuator'
17:22:10.047 [restartedMain] INFO  o.s.b.a.e.w.s.WebMvcEndpointHandlerMapping - Mapped "{[/actuator/health],methods=[GET],produces=[application/vnd.spring-boot.actuator.v2+json || application/json]}" onto public java.lang.Object org.springframework.boot.actuate.endpoint.web.servlet.AbstractWebMvcEndpointHandlerMapping$OperationHandler.handle(javax.servlet.http.HttpServletRequest,java.util.Map<java.lang.String, java.lang.String>)
17:22:10.047 [restartedMain] INFO  o.s.b.a.e.w.s.WebMvcEndpointHandlerMapping - Mapped "{[/actuator/info],methods=[GET],produces=[application/vnd.spring-boot.actuator.v2+json || application/json]}" onto public java.lang.Object org.springframework.boot.actuate.endpoint.web.servlet.AbstractWebMvcEndpointHandlerMapping$OperationHandler.handle(javax.servlet.http.HttpServletRequest,java.util.Map<java.lang.String, java.lang.String>)
17:22:10.048 [restartedMain] INFO  o.s.b.a.e.w.s.WebMvcEndpointHandlerMapping - Mapped "{[/actuator],methods=[GET],produces=[application/vnd.spring-boot.actuator.v2+json || application/json]}" onto protected java.util.Map<java.lang.String, java.util.Map<java.lang.String, org.springframework.boot.actuate.endpoint.web.Link>> org.springframework.boot.actuate.endpoint.web.servlet.WebMvcEndpointHandlerMapping.links(javax.servlet.http.HttpServletRequest,javax.servlet.http.HttpServletResponse)
17:22:10.070 [restartedMain] INFO  o.s.j.e.a.AnnotationMBeanExporter - Registering beans for JMX exposure on startup
17:22:10.074 [restartedMain] INFO  o.s.c.s.DefaultLifecycleProcessor - Starting beans in phase 2147483647
17:22:10.075 [restartedMain] INFO  o.s.s.quartz.SchedulerFactoryBean - Starting Quartz Scheduler now
17:22:10.075 [restartedMain] INFO  org.quartz.core.QuartzScheduler - Scheduler quartzScheduler_$_NON_CLUSTERED started.
17:22:10.080 [quartzScheduler_Worker-1] INFO  c.f.dnspod.schedule.quartz.QuartzJob - Quartz run at: {}Thu Jun 21 17:22:10 CST 2018
17:22:10.081 [restartedMain] INFO  o.a.coyote.http11.Http11NioProtocol - Starting ProtocolHandler ["http-nio-8080"]
17:22:10.082 [restartedMain] INFO  o.a.tomcat.util.net.NioSelectorPool - Using a shared selector for servlet write/read
17:22:10.084 [restartedMain] INFO  o.s.b.w.e.tomcat.TomcatWebServer - Tomcat started on port(s): 8080 (http) with context path ''
17:22:10.085 [restartedMain] INFO  com.fhqiwcw.dnspod.Application - Started Application in 0.765 seconds (JVM running for 102.502)
17:22:10.090 [restartedMain] INFO  o.s.b.d.a.ConditionEvaluationDeltaLoggingListener - Condition evaluation delta:


==========================
CONDITION EVALUATION DELTA
==========================


Positive matches:
-----------------

   QuartzAutoConfiguration#quartzScheduler matched:
      - @ConditionalOnMissingBean (types: org.springframework.scheduling.quartz.SchedulerFactoryBean; SearchStrategy: all) did not find any beans (OnBeanCondition)


Negative matches:
-----------------

    None


Exclusions:
-----------

    None


Unconditional classes:
----------------------

    None



17:22:10.840 [quartzScheduler_Worker-2] INFO  c.f.dnspod.schedule.quartz.QuartzJob - Quartz run at: {}Thu Jun 21 17:22:10 CST 2018
17:22:11.844 [quartzScheduler_Worker-3] INFO  c.f.dnspod.schedule.quartz.QuartzJob - Quartz run at: {}Thu Jun 21 17:22:11 CST 2018
17:22:12.839 [quartzScheduler_Worker-4] INFO  c.f.dnspod.schedule.quartz.QuartzJob - Quartz run at: {}Thu Jun 21 17:22:12 CST 2018
17:22:13.840 [quartzScheduler_Worker-5] INFO  c.f.dnspod.schedule.quartz.QuartzJob - Quartz run at: {}Thu Jun 21 17:22:13 CST 2018
17:22:14.840 [quartzScheduler_Worker-6] INFO  c.f.dnspod.schedule.quartz.QuartzJob - Quartz run at: {}Thu Jun 21 17:22:14 CST 2018
17:22:15.842 [quartzScheduler_Worker-7] INFO  c.f.dnspod.schedule.quartz.QuartzJob - Quartz run at: {}Thu Jun 21 17:22:15 CST 2018
17:22:16.840 [quartzScheduler_Worker-8] INFO  c.f.dnspod.schedule.quartz.QuartzJob - Quartz run at: {}Thu Jun 21 17:22:16 CST 2018
17:22:17.840 [quartzScheduler_Worker-9] INFO  c.f.dnspod.schedule.quartz.QuartzJob - Quartz run at: {}Thu Jun 21 17:22:17 CST 2018
17:22:18.841 [quartzScheduler_Worker-10] INFO  c.f.dnspod.schedule.quartz.QuartzJob - Quartz run at: {}Thu Jun 21 17:22:18 CST 2018
17:22:19.839 [quartzScheduler_Worker-1] INFO  c.f.dnspod.schedule.quartz.QuartzJob - Quartz run at: {}Thu Jun 21 17:22:19 CST 2018
17:22:20.840 [quartzScheduler_Worker-2] INFO  c.f.dnspod.schedule.quartz.QuartzJob - Quartz run at: {}Thu Jun 21 17:22:20 CST 2018
17:22:21.844 [quartzScheduler_Worker-3] INFO  c.f.dnspod.schedule.quartz.QuartzJob - Quartz run at: {}Thu Jun 21 17:22:21 CST 2018
17:22:22.840 [quartzScheduler_Worker-4] INFO  c.f.dnspod.schedule.quartz.QuartzJob - Quartz run at: {}Thu Jun 21 17:22:22 CST 2018
17:22:23.845 [quartzScheduler_Worker-5] INFO  c.f.dnspod.schedule.quartz.QuartzJob - Quartz run at: {}Thu Jun 21 17:22:23 CST 2018
17:22:24.842 [quartzScheduler_Worker-6] INFO  c.f.dnspod.schedule.quartz.QuartzJob - Quartz run at: {}Thu Jun 21 17:22:24 CST 2018
17:22:25.840 [quartzScheduler_Worker-7] INFO  c.f.dnspod.schedule.quartz.QuartzJob - Quartz run at: {}Thu Jun 21 17:22:25 CST 2018
17:22:26.842 [quartzScheduler_Worker-8] INFO  c.f.dnspod.schedule.quartz.QuartzJob - Quartz run at: {}Thu Jun 21 17:22:26 CST 2018
17:22:27.840 [quartzScheduler_Worker-9] INFO  c.f.dnspod.schedule.quartz.QuartzJob - Quartz run at: {}Thu Jun 21 17:22:27 CST 2018
17:22:28.840 [quartzScheduler_Worker-10] INFO  c.f.dnspod.schedule.quartz.QuartzJob - Quartz run at: {}Thu Jun 21 17:22:28 CST 2018
17:22:29.845 [quartzScheduler_Worker-1] INFO  c.f.dnspod.schedule.quartz.QuartzJob - Quartz run at: {}Thu Jun 21 17:22:29 CST 2018
17:22:30.844 [quartzScheduler_Worker-2] INFO  c.f.dnspod.schedule.quartz.QuartzJob - Quartz run at: {}Thu Jun 21 17:22:30 CST 2018
17:22:31.841 [quartzScheduler_Worker-3] INFO  c.f.dnspod.schedule.quartz.QuartzJob - Quartz run at: {}Thu Jun 21 17:22:31 CST 2018
17:22:32.844 [quartzScheduler_Worker-4] INFO  c.f.dnspod.schedule.quartz.QuartzJob - Quartz run at: {}Thu Jun 21 17:22:32 CST 2018
17:22:33.843 [quartzScheduler_Worker-5] INFO  c.f.dnspod.schedule.quartz.QuartzJob - Quartz run at: {}Thu Jun 21 17:22:33 CST 2018
17:22:34.841 [quartzScheduler_Worker-6] INFO  c.f.dnspod.schedule.quartz.QuartzJob - Quartz run at: {}Thu Jun 21 17:22:34 CST 2018
17:22:35.844 [quartzScheduler_Worker-7] INFO  c.f.dnspod.schedule.quartz.QuartzJob - Quartz run at: {}Thu Jun 21 17:22:35 CST 2018
17:22:36.839 [quartzScheduler_Worker-8] INFO  c.f.dnspod.schedule.quartz.QuartzJob - Quartz run at: {}Thu Jun 21 17:22:36 CST 2018
17:22:37.840 [quartzScheduler_Worker-9] INFO  c.f.dnspod.schedule.quartz.QuartzJob - Quartz run at: {}Thu Jun 21 17:22:37 CST 2018
17:22:38.845 [quartzScheduler_Worker-10] INFO  c.f.dnspod.schedule.quartz.QuartzJob - Quartz run at: {}Thu Jun 21 17:22:38 CST 2018
17:22:39.840 [quartzScheduler_Worker-1] INFO  c.f.dnspod.schedule.quartz.QuartzJob - Quartz run at: {}Thu Jun 21 17:22:39 CST 2018
17:22:40.842 [quartzScheduler_Worker-2] INFO  c.f.dnspod.schedule.quartz.QuartzJob - Quartz run at: {}Thu Jun 21 17:22:40 CST 2018
17:22:41.841 [quartzScheduler_Worker-3] INFO  c.f.dnspod.schedule.quartz.QuartzJob - Quartz run at: {}Thu Jun 21 17:22:41 CST 2018
17:22:42.839 [quartzScheduler_Worker-4] INFO  c.f.dnspod.schedule.quartz.QuartzJob - Quartz run at: {}Thu Jun 21 17:22:42 CST 2018
17:22:43.841 [quartzScheduler_Worker-5] INFO  c.f.dnspod.schedule.quartz.QuartzJob - Quartz run at: {}Thu Jun 21 17:22:43 CST 2018
17:22:44.845 [quartzScheduler_Worker-6] INFO  c.f.dnspod.schedule.quartz.QuartzJob - Quartz run at: {}Thu Jun 21 17:22:44 CST 2018
17:22:45.842 [quartzScheduler_Worker-7] INFO  c.f.dnspod.schedule.quartz.QuartzJob - Quartz run at: {}Thu Jun 21 17:22:45 CST 2018
17:22:46.839 [quartzScheduler_Worker-8] INFO  c.f.dnspod.schedule.quartz.QuartzJob - Quartz run at: {}Thu Jun 21 17:22:46 CST 2018
17:22:47.840 [quartzScheduler_Worker-9] INFO  c.f.dnspod.schedule.quartz.QuartzJob - Quartz run at: {}Thu Jun 21 17:22:47 CST 2018
17:22:48.841 [quartzScheduler_Worker-10] INFO  c.f.dnspod.schedule.quartz.QuartzJob - Quartz run at: {}Thu Jun 21 17:22:48 CST 2018
17:22:49.845 [quartzScheduler_Worker-1] INFO  c.f.dnspod.schedule.quartz.QuartzJob - Quartz run at: {}Thu Jun 21 17:22:49 CST 2018
17:22:50.844 [quartzScheduler_Worker-2] INFO  c.f.dnspod.schedule.quartz.QuartzJob - Quartz run at: {}Thu Jun 21 17:22:50 CST 2018
17:22:51.844 [quartzScheduler_Worker-3] INFO  c.f.dnspod.schedule.quartz.QuartzJob - Quartz run at: {}Thu Jun 21 17:22:51 CST 2018
17:22:52.841 [quartzScheduler_Worker-4] INFO  c.f.dnspod.schedule.quartz.QuartzJob - Quartz run at: {}Thu Jun 21 17:22:52 CST 2018
17:22:53.842 [quartzScheduler_Worker-5] INFO  c.f.dnspod.schedule.quartz.QuartzJob - Quartz run at: {}Thu Jun 21 17:22:53 CST 2018
17:22:54.839 [quartzScheduler_Worker-6] INFO  c.f.dnspod.schedule.quartz.QuartzJob - Quartz run at: {}Thu Jun 21 17:22:54 CST 2018
17:22:55.841 [quartzScheduler_Worker-7] INFO  c.f.dnspod.schedule.quartz.QuartzJob - Quartz run at: {}Thu Jun 21 17:22:55 CST 2018
17:22:56.841 [quartzScheduler_Worker-8] INFO  c.f.dnspod.schedule.quartz.QuartzJob - Quartz run at: {}Thu Jun 21 17:22:56 CST 2018
17:22:57.844 [quartzScheduler_Worker-9] INFO  c.f.dnspod.schedule.quartz.QuartzJob - Quartz run at: {}Thu Jun 21 17:22:57 CST 2018
17:22:58.840 [quartzScheduler_Worker-10] INFO  c.f.dnspod.schedule.quartz.QuartzJob - Quartz run at: {}Thu Jun 21 17:22:58 CST 2018
17:22:59.844 [quartzScheduler_Worker-1] INFO  c.f.dnspod.schedule.quartz.QuartzJob - Quartz run at: {}Thu Jun 21 17:22:59 CST 2018
17:23:00.842 [quartzScheduler_Worker-2] INFO  c.f.dnspod.schedule.quartz.QuartzJob - Quartz run at: {}Thu Jun 21 17:23:00 CST 2018
17:23:01.841 [quartzScheduler_Worker-3] INFO  c.f.dnspod.schedule.quartz.QuartzJob - Quartz run at: {}Thu Jun 21 17:23:01 CST 2018
17:23:02.840 [quartzScheduler_Worker-4] INFO  c.f.dnspod.schedule.quartz.QuartzJob - Quartz run at: {}Thu Jun 21 17:23:02 CST 2018
17:23:03.843 [quartzScheduler_Worker-5] INFO  c.f.dnspod.schedule.quartz.QuartzJob - Quartz run at: {}Thu Jun 21 17:23:03 CST 2018
17:23:04.843 [quartzScheduler_Worker-6] INFO  c.f.dnspod.schedule.quartz.QuartzJob - Quartz run at: {}Thu Jun 21 17:23:04 CST 2018
17:23:05.841 [quartzScheduler_Worker-7] INFO  c.f.dnspod.schedule.quartz.QuartzJob - Quartz run at: {}Thu Jun 21 17:23:05 CST 2018
17:23:06.839 [quartzScheduler_Worker-8] INFO  c.f.dnspod.schedule.quartz.QuartzJob - Quartz run at: {}Thu Jun 21 17:23:06 CST 2018
17:23:07.840 [quartzScheduler_Worker-9] INFO  c.f.dnspod.schedule.quartz.QuartzJob - Quartz run at: {}Thu Jun 21 17:23:07 CST 2018
17:23:08.841 [quartzScheduler_Worker-10] INFO  c.f.dnspod.schedule.quartz.QuartzJob - Quartz run at: {}Thu Jun 21 17:23:08 CST 2018
17:23:09.845 [quartzScheduler_Worker-1] INFO  c.f.dnspod.schedule.quartz.QuartzJob - Quartz run at: {}Thu Jun 21 17:23:09 CST 2018
17:23:10.842 [quartzScheduler_Worker-2] INFO  c.f.dnspod.schedule.quartz.QuartzJob - Quartz run at: {}Thu Jun 21 17:23:10 CST 2018
17:23:11.844 [quartzScheduler_Worker-3] INFO  c.f.dnspod.schedule.quartz.QuartzJob - Quartz run at: {}Thu Jun 21 17:23:11 CST 2018
17:23:12.840 [quartzScheduler_Worker-4] INFO  c.f.dnspod.schedule.quartz.QuartzJob - Quartz run at: {}Thu Jun 21 17:23:12 CST 2018
17:23:13.839 [quartzScheduler_Worker-5] INFO  c.f.dnspod.schedule.quartz.QuartzJob - Quartz run at: {}Thu Jun 21 17:23:13 CST 2018
17:23:14.845 [quartzScheduler_Worker-6] INFO  c.f.dnspod.schedule.quartz.QuartzJob - Quartz run at: {}Thu Jun 21 17:23:14 CST 2018
17:23:15.839 [quartzScheduler_Worker-7] INFO  c.f.dnspod.schedule.quartz.QuartzJob - Quartz run at: {}Thu Jun 21 17:23:15 CST 2018
17:23:16.842 [quartzScheduler_Worker-8] INFO  c.f.dnspod.schedule.quartz.QuartzJob - Quartz run at: {}Thu Jun 21 17:23:16 CST 2018
17:23:17.844 [quartzScheduler_Worker-9] INFO  c.f.dnspod.schedule.quartz.QuartzJob - Quartz run at: {}Thu Jun 21 17:23:17 CST 2018
17:23:18.844 [quartzScheduler_Worker-10] INFO  c.f.dnspod.schedule.quartz.QuartzJob - Quartz run at: {}Thu Jun 21 17:23:18 CST 2018
17:23:19.839 [quartzScheduler_Worker-1] INFO  c.f.dnspod.schedule.quartz.QuartzJob - Quartz run at: {}Thu Jun 21 17:23:19 CST 2018
17:23:20.845 [quartzScheduler_Worker-2] INFO  c.f.dnspod.schedule.quartz.QuartzJob - Quartz run at: {}Thu Jun 21 17:23:20 CST 2018
17:23:21.842 [quartzScheduler_Worker-3] INFO  c.f.dnspod.schedule.quartz.QuartzJob - Quartz run at: {}Thu Jun 21 17:23:21 CST 2018
17:23:22.839 [quartzScheduler_Worker-4] INFO  c.f.dnspod.schedule.quartz.QuartzJob - Quartz run at: {}Thu Jun 21 17:23:22 CST 2018
17:23:23.844 [quartzScheduler_Worker-5] INFO  c.f.dnspod.schedule.quartz.QuartzJob - Quartz run at: {}Thu Jun 21 17:23:23 CST 2018
17:23:24.845 [quartzScheduler_Worker-6] INFO  c.f.dnspod.schedule.quartz.QuartzJob - Quartz run at: {}Thu Jun 21 17:23:24 CST 2018
17:23:25.842 [quartzScheduler_Worker-7] INFO  c.f.dnspod.schedule.quartz.QuartzJob - Quartz run at: {}Thu Jun 21 17:23:25 CST 2018
17:23:26.844 [quartzScheduler_Worker-8] INFO  c.f.dnspod.schedule.quartz.QuartzJob - Quartz run at: {}Thu Jun 21 17:23:26 CST 2018
17:23:27.845 [quartzScheduler_Worker-9] INFO  c.f.dnspod.schedule.quartz.QuartzJob - Quartz run at: {}Thu Jun 21 17:23:27 CST 2018
17:23:28.842 [quartzScheduler_Worker-10] INFO  c.f.dnspod.schedule.quartz.QuartzJob - Quartz run at: {}Thu Jun 21 17:23:28 CST 2018
17:23:29.844 [quartzScheduler_Worker-1] INFO  c.f.dnspod.schedule.quartz.QuartzJob - Quartz run at: {}Thu Jun 21 17:23:29 CST 2018
17:23:30.844 [quartzScheduler_Worker-2] INFO  c.f.dnspod.schedule.quartz.QuartzJob - Quartz run at: {}Thu Jun 21 17:23:30 CST 2018
17:23:31.841 [quartzScheduler_Worker-3] INFO  c.f.dnspod.schedule.quartz.QuartzJob - Quartz run at: {}Thu Jun 21 17:23:31 CST 2018
17:23:32.844 [quartzScheduler_Worker-4] INFO  c.f.dnspod.schedule.quartz.QuartzJob - Quartz run at: {}Thu Jun 21 17:23:32 CST 2018
17:23:33.840 [quartzScheduler_Worker-5] INFO  c.f.dnspod.schedule.quartz.QuartzJob - Quartz run at: {}Thu Jun 21 17:23:33 CST 2018
17:23:34.844 [quartzScheduler_Worker-6] INFO  c.f.dnspod.schedule.quartz.QuartzJob - Quartz run at: {}Thu Jun 21 17:23:34 CST 2018
17:23:35.843 [quartzScheduler_Worker-7] INFO  c.f.dnspod.schedule.quartz.QuartzJob - Quartz run at: {}Thu Jun 21 17:23:35 CST 2018
17:23:36.840 [quartzScheduler_Worker-8] INFO  c.f.dnspod.schedule.quartz.QuartzJob - Quartz run at: {}Thu Jun 21 17:23:36 CST 2018
17:23:37.841 [quartzScheduler_Worker-9] INFO  c.f.dnspod.schedule.quartz.QuartzJob - Quartz run at: {}Thu Jun 21 17:23:37 CST 2018
17:23:38.843 [quartzScheduler_Worker-10] INFO  c.f.dnspod.schedule.quartz.QuartzJob - Quartz run at: {}Thu Jun 21 17:23:38 CST 2018
17:23:39.839 [quartzScheduler_Worker-1] INFO  c.f.dnspod.schedule.quartz.QuartzJob - Quartz run at: {}Thu Jun 21 17:23:39 CST 2018
17:23:40.840 [quartzScheduler_Worker-2] INFO  c.f.dnspod.schedule.quartz.QuartzJob - Quartz run at: {}Thu Jun 21 17:23:40 CST 2018
17:23:41.843 [quartzScheduler_Worker-3] INFO  c.f.dnspod.schedule.quartz.QuartzJob - Quartz run at: {}Thu Jun 21 17:23:41 CST 2018
17:23:42.841 [quartzScheduler_Worker-4] INFO  c.f.dnspod.schedule.quartz.QuartzJob - Quartz run at: {}Thu Jun 21 17:23:42 CST 2018
17:23:43.840 [quartzScheduler_Worker-5] INFO  c.f.dnspod.schedule.quartz.QuartzJob - Quartz run at: {}Thu Jun 21 17:23:43 CST 2018
17:23:44.843 [quartzScheduler_Worker-6] INFO  c.f.dnspod.schedule.quartz.QuartzJob - Quartz run at: {}Thu Jun 21 17:23:44 CST 2018
17:23:45.839 [quartzScheduler_Worker-7] INFO  c.f.dnspod.schedule.quartz.QuartzJob - Quartz run at: {}Thu Jun 21 17:23:45 CST 2018
17:23:46.845 [quartzScheduler_Worker-8] INFO  c.f.dnspod.schedule.quartz.QuartzJob - Quartz run at: {}Thu Jun 21 17:23:46 CST 2018
17:23:47.843 [quartzScheduler_Worker-9] INFO  c.f.dnspod.schedule.quartz.QuartzJob - Quartz run at: {}Thu Jun 21 17:23:47 CST 2018
17:23:48.844 [quartzScheduler_Worker-10] INFO  c.f.dnspod.schedule.quartz.QuartzJob - Quartz run at: {}Thu Jun 21 17:23:48 CST 2018
17:23:49.840 [quartzScheduler_Worker-1] INFO  c.f.dnspod.schedule.quartz.QuartzJob - Quartz run at: {}Thu Jun 21 17:23:49 CST 2018
17:23:50.843 [quartzScheduler_Worker-2] INFO  c.f.dnspod.schedule.quartz.QuartzJob - Quartz run at: {}Thu Jun 21 17:23:50 CST 2018
17:23:51.840 [quartzScheduler_Worker-3] INFO  c.f.dnspod.schedule.quartz.QuartzJob - Quartz run at: {}Thu Jun 21 17:23:51 CST 2018
17:23:52.839 [quartzScheduler_Worker-4] INFO  c.f.dnspod.schedule.quartz.QuartzJob - Quartz run at: {}Thu Jun 21 17:23:52 CST 2018
17:23:53.842 [quartzScheduler_Worker-5] INFO  c.f.dnspod.schedule.quartz.QuartzJob - Quartz run at: {}Thu Jun 21 17:23:53 CST 2018
17:23:54.843 [quartzScheduler_Worker-6] INFO  c.f.dnspod.schedule.quartz.QuartzJob - Quartz run at: {}Thu Jun 21 17:23:54 CST 2018
17:23:55.841 [quartzScheduler_Worker-7] INFO  c.f.dnspod.schedule.quartz.QuartzJob - Quartz run at: {}Thu Jun 21 17:23:55 CST 2018
17:23:56.843 [quartzScheduler_Worker-8] INFO  c.f.dnspod.schedule.quartz.QuartzJob - Quartz run at: {}Thu Jun 21 17:23:56 CST 2018
17:23:57.840 [quartzScheduler_Worker-9] INFO  c.f.dnspod.schedule.quartz.QuartzJob - Quartz run at: {}Thu Jun 21 17:23:57 CST 2018
17:23:58.839 [quartzScheduler_Worker-10] INFO  c.f.dnspod.schedule.quartz.QuartzJob - Quartz run at: {}Thu Jun 21 17:23:58 CST 2018
17:23:59.844 [quartzScheduler_Worker-1] INFO  c.f.dnspod.schedule.quartz.QuartzJob - Quartz run at: {}Thu Jun 21 17:23:59 CST 2018
17:24:00.841 [quartzScheduler_Worker-2] INFO  c.f.dnspod.schedule.quartz.QuartzJob - Quartz run at: {}Thu Jun 21 17:24:00 CST 2018
17:24:01.841 [quartzScheduler_Worker-3] INFO  c.f.dnspod.schedule.quartz.QuartzJob - Quartz run at: {}Thu Jun 21 17:24:01 CST 2018
17:24:02.844 [quartzScheduler_Worker-4] INFO  c.f.dnspod.schedule.quartz.QuartzJob - Quartz run at: {}Thu Jun 21 17:24:02 CST 2018
17:24:03.840 [quartzScheduler_Worker-5] INFO  c.f.dnspod.schedule.quartz.QuartzJob - Quartz run at: {}Thu Jun 21 17:24:03 CST 2018
17:24:04.844 [quartzScheduler_Worker-6] INFO  c.f.dnspod.schedule.quartz.QuartzJob - Quartz run at: {}Thu Jun 21 17:24:04 CST 2018
17:24:05.840 [quartzScheduler_Worker-7] INFO  c.f.dnspod.schedule.quartz.QuartzJob - Quartz run at: {}Thu Jun 21 17:24:05 CST 2018
17:24:06.840 [quartzScheduler_Worker-8] INFO  c.f.dnspod.schedule.quartz.QuartzJob - Quartz run at: {}Thu Jun 21 17:24:06 CST 2018
17:24:07.840 [quartzScheduler_Worker-9] INFO  c.f.dnspod.schedule.quartz.QuartzJob - Quartz run at: {}Thu Jun 21 17:24:07 CST 2018
17:24:08.843 [quartzScheduler_Worker-10] INFO  c.f.dnspod.schedule.quartz.QuartzJob - Quartz run at: {}Thu Jun 21 17:24:08 CST 2018
17:24:09.841 [quartzScheduler_Worker-1] INFO  c.f.dnspod.schedule.quartz.QuartzJob - Quartz run at: {}Thu Jun 21 17:24:09 CST 2018
17:24:10.840 [quartzScheduler_Worker-2] INFO  c.f.dnspod.schedule.quartz.QuartzJob - Quartz run at: {}Thu Jun 21 17:24:10 CST 2018
17:24:11.840 [quartzScheduler_Worker-3] INFO  c.f.dnspod.schedule.quartz.QuartzJob - Quartz run at: {}Thu Jun 21 17:24:11 CST 2018
17:24:12.841 [quartzScheduler_Worker-4] INFO  c.f.dnspod.schedule.quartz.QuartzJob - Quartz run at: {}Thu Jun 21 17:24:12 CST 2018
17:24:13.840 [quartzScheduler_Worker-5] INFO  c.f.dnspod.schedule.quartz.QuartzJob - Quartz run at: {}Thu Jun 21 17:24:13 CST 2018
17:24:14.841 [quartzScheduler_Worker-6] INFO  c.f.dnspod.schedule.quartz.QuartzJob - Quartz run at: {}Thu Jun 21 17:24:14 CST 2018
17:24:15.844 [quartzScheduler_Worker-7] INFO  c.f.dnspod.schedule.quartz.QuartzJob - Quartz run at: {}Thu Jun 21 17:24:15 CST 2018
17:24:16.843 [quartzScheduler_Worker-8] INFO  c.f.dnspod.schedule.quartz.QuartzJob - Quartz run at: {}Thu Jun 21 17:24:16 CST 2018
17:24:17.842 [quartzScheduler_Worker-9] INFO  c.f.dnspod.schedule.quartz.QuartzJob - Quartz run at: {}Thu Jun 21 17:24:17 CST 2018
17:24:18.844 [quartzScheduler_Worker-10] INFO  c.f.dnspod.schedule.quartz.QuartzJob - Quartz run at: {}Thu Jun 21 17:24:18 CST 2018
17:24:19.840 [quartzScheduler_Worker-1] INFO  c.f.dnspod.schedule.quartz.QuartzJob - Quartz run at: {}Thu Jun 21 17:24:19 CST 2018
17:24:20.840 [quartzScheduler_Worker-2] INFO  c.f.dnspod.schedule.quartz.QuartzJob - Quartz run at: {}Thu Jun 21 17:24:20 CST 2018
17:24:21.839 [quartzScheduler_Worker-3] INFO  c.f.dnspod.schedule.quartz.QuartzJob - Quartz run at: {}Thu Jun 21 17:24:21 CST 2018
17:24:22.845 [quartzScheduler_Worker-4] INFO  c.f.dnspod.schedule.quartz.QuartzJob - Quartz run at: {}Thu Jun 21 17:24:22 CST 2018
17:24:23.840 [quartzScheduler_Worker-5] INFO  c.f.dnspod.schedule.quartz.QuartzJob - Quartz run at: {}Thu Jun 21 17:24:23 CST 2018
17:24:24.843 [quartzScheduler_Worker-6] INFO  c.f.dnspod.schedule.quartz.QuartzJob - Quartz run at: {}Thu Jun 21 17:24:24 CST 2018
17:24:25.843 [quartzScheduler_Worker-7] INFO  c.f.dnspod.schedule.quartz.QuartzJob - Quartz run at: {}Thu Jun 21 17:24:25 CST 2018
17:24:26.840 [quartzScheduler_Worker-8] INFO  c.f.dnspod.schedule.quartz.QuartzJob - Quartz run at: {}Thu Jun 21 17:24:26 CST 2018
17:24:27.841 [quartzScheduler_Worker-9] INFO  c.f.dnspod.schedule.quartz.QuartzJob - Quartz run at: {}Thu Jun 21 17:24:27 CST 2018
17:24:28.840 [quartzScheduler_Worker-10] INFO  c.f.dnspod.schedule.quartz.QuartzJob - Quartz run at: {}Thu Jun 21 17:24:28 CST 2018
17:24:29.840 [quartzScheduler_Worker-1] INFO  c.f.dnspod.schedule.quartz.QuartzJob - Quartz run at: {}Thu Jun 21 17:24:29 CST 2018
17:24:30.843 [quartzScheduler_Worker-2] INFO  c.f.dnspod.schedule.quartz.QuartzJob - Quartz run at: {}Thu Jun 21 17:24:30 CST 2018
17:24:31.840 [quartzScheduler_Worker-3] INFO  c.f.dnspod.schedule.quartz.QuartzJob - Quartz run at: {}Thu Jun 21 17:24:31 CST 2018
17:24:32.840 [quartzScheduler_Worker-4] INFO  c.f.dnspod.schedule.quartz.QuartzJob - Quartz run at: {}Thu Jun 21 17:24:32 CST 2018
17:24:33.842 [quartzScheduler_Worker-5] INFO  c.f.dnspod.schedule.quartz.QuartzJob - Quartz run at: {}Thu Jun 21 17:24:33 CST 2018
17:24:34.845 [quartzScheduler_Worker-6] INFO  c.f.dnspod.schedule.quartz.QuartzJob - Quartz run at: {}Thu Jun 21 17:24:34 CST 2018
17:24:35.840 [quartzScheduler_Worker-7] INFO  c.f.dnspod.schedule.quartz.QuartzJob - Quartz run at: {}Thu Jun 21 17:24:35 CST 2018
17:24:36.841 [quartzScheduler_Worker-8] INFO  c.f.dnspod.schedule.quartz.QuartzJob - Quartz run at: {}Thu Jun 21 17:24:36 CST 2018
17:24:37.840 [quartzScheduler_Worker-9] INFO  c.f.dnspod.schedule.quartz.QuartzJob - Quartz run at: {}Thu Jun 21 17:24:37 CST 2018
17:24:38.840 [quartzScheduler_Worker-10] INFO  c.f.dnspod.schedule.quartz.QuartzJob - Quartz run at: {}Thu Jun 21 17:24:38 CST 2018
17:24:39.841 [quartzScheduler_Worker-1] INFO  c.f.dnspod.schedule.quartz.QuartzJob - Quartz run at: {}Thu Jun 21 17:24:39 CST 2018
17:24:40.839 [quartzScheduler_Worker-2] INFO  c.f.dnspod.schedule.quartz.QuartzJob - Quartz run at: {}Thu Jun 21 17:24:40 CST 2018
17:24:41.840 [quartzScheduler_Worker-3] INFO  c.f.dnspod.schedule.quartz.QuartzJob - Quartz run at: {}Thu Jun 21 17:24:41 CST 2018
17:24:42.845 [quartzScheduler_Worker-4] INFO  c.f.dnspod.schedule.quartz.QuartzJob - Quartz run at: {}Thu Jun 21 17:24:42 CST 2018
17:24:43.839 [quartzScheduler_Worker-5] INFO  c.f.dnspod.schedule.quartz.QuartzJob - Quartz run at: {}Thu Jun 21 17:24:43 CST 2018
17:24:44.843 [quartzScheduler_Worker-6] INFO  c.f.dnspod.schedule.quartz.QuartzJob - Quartz run at: {}Thu Jun 21 17:24:44 CST 2018
17:24:45.840 [quartzScheduler_Worker-7] INFO  c.f.dnspod.schedule.quartz.QuartzJob - Quartz run at: {}Thu Jun 21 17:24:45 CST 2018
17:24:46.841 [quartzScheduler_Worker-8] INFO  c.f.dnspod.schedule.quartz.QuartzJob - Quartz run at: {}Thu Jun 21 17:24:46 CST 2018
17:24:47.841 [quartzScheduler_Worker-9] INFO  c.f.dnspod.schedule.quartz.QuartzJob - Quartz run at: {}Thu Jun 21 17:24:47 CST 2018
17:24:48.841 [quartzScheduler_Worker-10] INFO  c.f.dnspod.schedule.quartz.QuartzJob - Quartz run at: {}Thu Jun 21 17:24:48 CST 2018
17:24:49.844 [quartzScheduler_Worker-1] INFO  c.f.dnspod.schedule.quartz.QuartzJob - Quartz run at: {}Thu Jun 21 17:24:49 CST 2018
17:24:50.841 [quartzScheduler_Worker-2] INFO  c.f.dnspod.schedule.quartz.QuartzJob - Quartz run at: {}Thu Jun 21 17:24:50 CST 2018
17:24:51.839 [quartzScheduler_Worker-3] INFO  c.f.dnspod.schedule.quartz.QuartzJob - Quartz run at: {}Thu Jun 21 17:24:51 CST 2018
17:24:52.840 [quartzScheduler_Worker-4] INFO  c.f.dnspod.schedule.quartz.QuartzJob - Quartz run at: {}Thu Jun 21 17:24:52 CST 2018
17:24:53.841 [quartzScheduler_Worker-5] INFO  c.f.dnspod.schedule.quartz.QuartzJob - Quartz run at: {}Thu Jun 21 17:24:53 CST 2018
17:24:54.840 [quartzScheduler_Worker-6] INFO  c.f.dnspod.schedule.quartz.QuartzJob - Quartz run at: {}Thu Jun 21 17:24:54 CST 2018
17:24:55.840 [quartzScheduler_Worker-7] INFO  c.f.dnspod.schedule.quartz.QuartzJob - Quartz run at: {}Thu Jun 21 17:24:55 CST 2018
17:24:56.840 [quartzScheduler_Worker-8] INFO  c.f.dnspod.schedule.quartz.QuartzJob - Quartz run at: {}Thu Jun 21 17:24:56 CST 2018
17:24:57.840 [quartzScheduler_Worker-9] INFO  c.f.dnspod.schedule.quartz.QuartzJob - Quartz run at: {}Thu Jun 21 17:24:57 CST 2018
17:24:58.839 [quartzScheduler_Worker-10] INFO  c.f.dnspod.schedule.quartz.QuartzJob - Quartz run at: {}Thu Jun 21 17:24:58 CST 2018
17:24:59.840 [quartzScheduler_Worker-1] INFO  c.f.dnspod.schedule.quartz.QuartzJob - Quartz run at: {}Thu Jun 21 17:24:59 CST 2018
17:25:00.840 [quartzScheduler_Worker-2] INFO  c.f.dnspod.schedule.quartz.QuartzJob - Quartz run at: {}Thu Jun 21 17:25:00 CST 2018
17:25:01.839 [quartzScheduler_Worker-3] INFO  c.f.dnspod.schedule.quartz.QuartzJob - Quartz run at: {}Thu Jun 21 17:25:01 CST 2018
17:25:02.841 [quartzScheduler_Worker-4] INFO  c.f.dnspod.schedule.quartz.QuartzJob - Quartz run at: {}Thu Jun 21 17:25:02 CST 2018
17:25:03.840 [quartzScheduler_Worker-5] INFO  c.f.dnspod.schedule.quartz.QuartzJob - Quartz run at: {}Thu Jun 21 17:25:03 CST 2018
17:25:04.840 [quartzScheduler_Worker-6] INFO  c.f.dnspod.schedule.quartz.QuartzJob - Quartz run at: {}Thu Jun 21 17:25:04 CST 2018
17:25:05.841 [quartzScheduler_Worker-7] INFO  c.f.dnspod.schedule.quartz.QuartzJob - Quartz run at: {}Thu Jun 21 17:25:05 CST 2018
17:25:06.841 [quartzScheduler_Worker-8] INFO  c.f.dnspod.schedule.quartz.QuartzJob - Quartz run at: {}Thu Jun 21 17:25:06 CST 2018
17:25:06.991 [RMI TCP Connection(2)-127.0.0.1] INFO  o.s.b.a.SpringApplicationAdminMXBeanRegistrar$SpringApplicationAdmin - Application shutdown requested.
17:25:06.991 [RMI TCP Connection(2)-127.0.0.1] INFO  o.s.b.w.s.c.AnnotationConfigServletWebServerApplicationContext - Closing org.springframework.boot.web.servlet.context.AnnotationConfigServletWebServerApplicationContext@1f8534ed: startup date [Thu Jun 21 17:22:09 CST 2018]; root of context hierarchy
17:25:06.993 [RMI TCP Connection(2)-127.0.0.1] INFO  o.s.c.s.DefaultLifecycleProcessor - Stopping beans in phase 2147483647
17:25:06.993 [RMI TCP Connection(2)-127.0.0.1] INFO  org.quartz.core.QuartzScheduler - Scheduler quartzScheduler_$_NON_CLUSTERED paused.
17:25:06.994 [RMI TCP Connection(2)-127.0.0.1] INFO  o.s.s.quartz.SchedulerFactoryBean - Shutting down Quartz Scheduler
17:25:06.994 [RMI TCP Connection(2)-127.0.0.1] INFO  org.quartz.core.QuartzScheduler - Scheduler quartzScheduler_$_NON_CLUSTERED shutting down.
17:25:06.994 [RMI TCP Connection(2)-127.0.0.1] INFO  org.quartz.core.QuartzScheduler - Scheduler quartzScheduler_$_NON_CLUSTERED paused.
17:25:06.994 [RMI TCP Connection(2)-127.0.0.1] INFO  org.quartz.core.QuartzScheduler - Scheduler quartzScheduler_$_NON_CLUSTERED shutdown complete.
17:25:06.994 [RMI TCP Connection(2)-127.0.0.1] INFO  o.s.j.e.a.AnnotationMBeanExporter - Unregistering JMX-exposed beans on shutdown
